<?xml version="1.0" encoding="UTF-8"?>
<testsuite xmlns:xsi="http://www.w3.org/2001/XMLSchema-instance" xsi:noNamespaceSchemaLocation="https://maven.apache.org/surefire/maven-surefire-plugin/xsd/surefire-test-report-3.0.xsd" version="3.0" name="demo.MaClassDeTest" time="0.022" tests="3" errors="0" skipped="0" failures="0">
  <properties>
[...]
</properties>
  <testcase name="factorielExceptionTest" classname="demo.MaClassDeTest" time="0.009"/>
  <testcase name="additionTest" classname="demo.MaClassDeTest" time="0.001"/>
  <testcase name="factorielTest" classname="demo.MaClassDeTest" time="0"/>
</testsuite>